# JRE version: Java(TM) SE Runtime Environment (8.0_144-b01) (build 1.8.0_144-b01)
# Java VM: Java HotSpot(TM) 64-Bit Server VM (25.144-b01 mixed mode windows-amd64 compressed oops)
Heap:
 PSYoungGen      total 204288K, used 150668K [0x00000000d5f00000, 0x00000000e7780000, 0x0000000100000000)
  eden space 190976K, 71% used [0x00000000d5f00000,0x00000000de5277d0,0x00000000e1980000)
  from space 13312K, 99% used [0x00000000e1980000,0x00000000e267b8c0,0x00000000e2680000)
  to   space 16384K, 0% used [0x00000000e6780000,0x00000000e6780000,0x00000000e7780000)
 ParOldGen       total 80896K, used 21857K [0x0000000081c00000, 0x0000000086b00000, 0x00000000d5f00000)
  object space 80896K, 27% used [0x0000000081c00000,0x0000000083158540,0x0000000086b00000)
 Metaspace       used 51981K, capacity 54188K, committed 54312K, reserved 1095680K
  class space    used 6784K, capacity 7207K, committed 7208K, reserved 1048576K
GC Heap History (10 events):
Event: 2.888 GC heap before
{Heap before GC invocations=7 (full 1):
 PSYoungGen      total 71680K, used 66560K [0x00000000d5f00000, 0x00000000df200000, 0x0000000100000000)
  eden space 66560K, 100% used [0x00000000d5f00000,0x00000000da000000,0x00000000da000000)
  from space 5120K, 0% used [0x00000000da000000,0x00000000da000000,0x00000000da500000)
  to   space 8704K, 0% used [0x00000000de980000,0x00000000de980000,0x00000000df200000)
 ParOldGen       total 50688K, used 5768K [0x0000000081c00000, 0x0000000084d80000, 0x00000000d5f00000)
  object space 50688K, 11% used [0x0000000081c00000,0x00000000821a2368,0x0000000084d80000)
 Metaspace       used 23345K, capacity 24060K, committed 24320K, reserved 1071104K
  class space    used 3041K, capacity 3256K, committed 3328K, reserved 1048576K
Event: 2.895 GC heap after
Heap after GC invocations=7 (full 1):
 PSYoungGen      total 120320K, used 5081K [0x00000000d5f00000, 0x00000000dee80000, 0x0000000100000000)
  eden space 115200K, 0% used [0x00000000d5f00000,0x00000000d5f00000,0x00000000dcf80000)
  from space 5120K, 99% used [0x00000000de980000,0x00000000dee767e0,0x00000000dee80000)
  to   space 8704K, 0% used [0x00000000ddd80000,0x00000000ddd80000,0x00000000de600000)
 ParOldGen       total 50688K, used 5840K [0x0000000081c00000, 0x0000000084d80000, 0x00000000d5f00000)
  object space 50688K, 11% used [0x0000000081c00000,0x00000000821b4378,0x0000000084d80000)
 Metaspace       used 23345K, capacity 24060K, committed 24320K, reserved 1071104K
  class space    used 3041K, capacity 3256K, committed 3328K, reserved 1048576K
}
Event: 3.786 GC heap before
{Heap before GC invocations=8 (full 1):
 PSYoungGen      total 120320K, used 120281K [0x00000000d5f00000, 0x00000000dee80000, 0x0000000100000000)
  eden space 115200K, 100% used [0x00000000d5f00000,0x00000000dcf80000,0x00000000dcf80000)
  from space 5120K, 99% used [0x00000000de980000,0x00000000dee767e0,0x00000000dee80000)
  to   space 8704K, 0% used [0x00000000ddd80000,0x00000000ddd80000,0x00000000de600000)
 ParOldGen       total 50688K, used 5840K [0x0000000081c00000, 0x0000000084d80000, 0x00000000d5f00000)
  object space 50688K, 11% used [0x0000000081c00000,0x00000000821b4378,0x0000000084d80000)
 Metaspace       used 28429K, capacity 29410K, committed 29696K, reserved 1075200K
  class space    used 3744K, capacity 3979K, committed 4096K, reserved 1048576K
Event: 3.795 GC heap after
Heap after GC invocations=8 (full 1):
 PSYoungGen      total 138240K, used 8695K [0x00000000d5f00000, 0x00000000e3100000, 0x0000000100000000)
  eden space 129536K, 0% used [0x00000000d5f00000,0x00000000d5f00000,0x00000000ddd80000)
  from space 8704K, 99% used [0x00000000ddd80000,0x00000000de5fddd0,0x00000000de600000)
  to   space 10752K, 0% used [0x00000000e2680000,0x00000000e2680000,0x00000000e3100000)
 ParOldGen       total 50688K, used 8162K [0x0000000081c00000, 0x0000000084d80000, 0x00000000d5f00000)
  object space 50688K, 16% used [0x0000000081c00000,0x00000000823f8970,0x0000000084d80000)
 Metaspace       used 28429K, capacity 29410K, committed 29696K, reserved 1075200K
  class space    used 3744K, capacity 3979K, committed 4096K, reserved 1048576K
}
Event: 5.874 GC heap before
{Heap before GC invocations=9 (full 1):
 PSYoungGen      total 138240K, used 104106K [0x00000000d5f00000, 0x00000000e3100000, 0x0000000100000000)
  eden space 129536K, 73% used [0x00000000d5f00000,0x00000000dbc2caf8,0x00000000ddd80000)
  from space 8704K, 99% used [0x00000000ddd80000,0x00000000de5fddd0,0x00000000de600000)
  to   space 10752K, 0% used [0x00000000e2680000,0x00000000e2680000,0x00000000e3100000)
 ParOldGen       total 50688K, used 8162K [0x0000000081c00000, 0x0000000084d80000, 0x00000000d5f00000)
  object space 50688K, 16% used [0x0000000081c00000,0x00000000823f8970,0x0000000084d80000)
 Metaspace       used 33942K, capacity 35460K, committed 35496K, reserved 1079296K
  class space    used 4445K, capacity 4742K, committed 4776K, reserved 1048576K
Event: 5.884 GC heap after
Heap after GC invocations=9 (full 1):
 PSYoungGen      total 201728K, used 10733K [0x00000000d5f00000, 0x00000000e4700000, 0x0000000100000000)
  eden space 190976K, 0% used [0x00000000d5f00000,0x00000000d5f00000,0x00000000e1980000)
  from space 10752K, 99% used [0x00000000e2680000,0x00000000e30fb760,0x00000000e3100000)
  to   space 13312K, 0% used [0x00000000e1980000,0x00000000e1980000,0x00000000e2680000)
 ParOldGen       total 50688K, used 10902K [0x0000000081c00000, 0x0000000084d80000, 0x00000000d5f00000)
  object space 50688K, 21% used [0x0000000081c00000,0x00000000826a59e8,0x0000000084d80000)
 Metaspace       used 33942K, capacity 35460K, committed 35496K, reserved 1079296K
  class space    used 4445K, capacity 4742K, committed 4776K, reserved 1048576K
}
Event: 5.884 GC heap before
{Heap before GC invocations=10 (full 2):
 PSYoungGen      total 201728K, used 10733K [0x00000000d5f00000, 0x00000000e4700000, 0x0000000100000000)
  eden space 190976K, 0% used [0x00000000d5f00000,0x00000000d5f00000,0x00000000e1980000)
  from space 10752K, 99% used [0x00000000e2680000,0x00000000e30fb760,0x00000000e3100000)
  to   space 13312K, 0% used [0x00000000e1980000,0x00000000e1980000,0x00000000e2680000)
 ParOldGen       total 50688K, used 10902K [0x0000000081c00000, 0x0000000084d80000, 0x00000000d5f00000)
  object space 50688K, 21% used [0x0000000081c00000,0x00000000826a59e8,0x0000000084d80000)
 Metaspace       used 33942K, capacity 35460K, committed 35496K, reserved 1079296K
  class space    used 4445K, capacity 4742K, committed 4776K, reserved 1048576K
Event: 5.954 GC heap after
Heap after GC invocations=10 (full 2):
 PSYoungGen      total 201728K, used 0K [0x00000000d5f00000, 0x00000000e4700000, 0x0000000100000000)
  eden space 190976K, 0% used [0x00000000d5f00000,0x00000000d5f00000,0x00000000e1980000)
  from space 10752K, 0% used [0x00000000e2680000,0x00000000e2680000,0x00000000e3100000)
  to   space 13312K, 0% used [0x00000000e1980000,0x00000000e1980000,0x00000000e2680000)
 ParOldGen       total 80896K, used 18304K [0x0000000081c00000, 0x0000000086b00000, 0x00000000d5f00000)
  object space 80896K, 22% used [0x0000000081c00000,0x0000000082de03e0,0x0000000086b00000)
 Metaspace       used 33942K, capacity 35460K, committed 35496K, reserved 1079296K
  class space    used 4445K, capacity 4742K, committed 4776K, reserved 1048576K
}
Event: 7.854 GC heap before
{Heap before GC invocations=11 (full 2):
 PSYoungGen      total 201728K, used 190976K [0x00000000d5f00000, 0x00000000e4700000, 0x0000000100000000)
  eden space 190976K, 100% used [0x00000000d5f00000,0x00000000e1980000,0x00000000e1980000)
  from space 10752K, 0% used [0x00000000e2680000,0x00000000e2680000,0x00000000e3100000)
  to   space 13312K, 0% used [0x00000000e1980000,0x00000000e1980000,0x00000000e2680000)
 ParOldGen       total 80896K, used 18304K [0x0000000081c00000, 0x0000000086b00000, 0x00000000d5f00000)
  object space 80896K, 22% used [0x0000000081c00000,0x0000000082de03e0,0x0000000086b00000)
 Metaspace       used 46062K, capacity 48226K, committed 48424K, reserved 1091584K
  class space    used 6021K, capacity 6438K, committed 6440K, reserved 1048576K
Event: 7.867 GC heap after
Heap after GC invocations=11 (full 2):
 PSYoungGen      total 204288K, used 13294K [0x00000000d5f00000, 0x00000000e7780000, 0x0000000100000000)
  eden space 190976K, 0% used [0x00000000d5f00000,0x00000000d5f00000,0x00000000e1980000)
  from space 13312K, 99% used [0x00000000e1980000,0x00000000e267b8c0,0x00000000e2680000)
  to   space 16384K, 0% used [0x00000000e6780000,0x00000000e6780000,0x00000000e7780000)
 ParOldGen       total 80896K, used 21857K [0x0000000081c00000, 0x0000000086b00000, 0x00000000d5f00000)
  object space 80896K, 27% used [0x0000000081c00000,0x0000000083158540,0x0000000086b00000)
 Metaspace       used 46062K, capacity 48226K, committed 48424K, reserved 1091584K
  class space    used 6021K, capacity 6438K, committed 6440K, reserved 1048576K
}

