# JRE version: Java(TM) SE Runtime Environment (8.0_144-b01) (build 1.8.0_144-b01)
# Java VM: Java HotSpot(TM) 64-Bit Server VM (25.144-b01 mixed mode windows-amd64 compressed oops)
Heap:
 PSYoungGen      total 237568K, used 15384K [0x00000000d5f00000, 0x00000000e9c00000, 0x0000000100000000)
  eden space 235008K, 5% used [0x00000000d5f00000,0x00000000d6be3e20,0x00000000e4480000)
  from space 2560K, 85% used [0x00000000e9980000,0x00000000e9ba21e0,0x00000000e9c00000)
  to   space 19968K, 0% used [0x00000000e7500000,0x00000000e7500000,0x00000000e8880000)
 ParOldGen       total 82432K, used 35216K [0x0000000081c00000, 0x0000000086c80000, 0x00000000d5f00000)
  object space 82432K, 42% used [0x0000000081c00000,0x0000000083e64038,0x0000000086c80000)
 Metaspace       used 54254K, capacity 56534K, committed 56704K, reserved 1097728K
  class space    used 7088K, capacity 7517K, committed 7552K, reserved 1048576K
GC Heap History (10 events):
Event: 6.466 GC heap before
{Heap before GC invocations=10 (full 2):
 PSYoungGen      total 199168K, used 10724K [0x00000000d5f00000, 0x00000000e4780000, 0x0000000100000000)
  eden space 188416K, 0% used [0x00000000d5f00000,0x00000000d5f00000,0x00000000e1700000)
  from space 10752K, 99% used [0x00000000e2480000,0x00000000e2ef9040,0x00000000e2f00000)
  to   space 13824K, 0% used [0x00000000e1700000,0x00000000e1700000,0x00000000e2480000)
 ParOldGen       total 51200K, used 12301K [0x0000000081c00000, 0x0000000084e00000, 0x00000000d5f00000)
  object space 51200K, 24% used [0x0000000081c00000,0x0000000082803570,0x0000000084e00000)
 Metaspace       used 33875K, capacity 35344K, committed 35456K, reserved 1079296K
  class space    used 4407K, capacity 4680K, committed 4736K, reserved 1048576K
Event: 6.530 GC heap after
Heap after GC invocations=10 (full 2):
 PSYoungGen      total 199168K, used 0K [0x00000000d5f00000, 0x00000000e4780000, 0x0000000100000000)
  eden space 188416K, 0% used [0x00000000d5f00000,0x00000000d5f00000,0x00000000e1700000)
  from space 10752K, 0% used [0x00000000e2480000,0x00000000e2480000,0x00000000e2f00000)
  to   space 13824K, 0% used [0x00000000e1700000,0x00000000e1700000,0x00000000e2480000)
 ParOldGen       total 82432K, used 19701K [0x0000000081c00000, 0x0000000086c80000, 0x00000000d5f00000)
  object space 82432K, 23% used [0x0000000081c00000,0x0000000082f3d790,0x0000000086c80000)
 Metaspace       used 33875K, capacity 35344K, committed 35456K, reserved 1079296K
  class space    used 4407K, capacity 4680K, committed 4736K, reserved 1048576K
}
Event: 8.172 GC heap before
{Heap before GC invocations=11 (full 2):
 PSYoungGen      total 199168K, used 188416K [0x00000000d5f00000, 0x00000000e4780000, 0x0000000100000000)
  eden space 188416K, 100% used [0x00000000d5f00000,0x00000000e1700000,0x00000000e1700000)
  from space 10752K, 0% used [0x00000000e2480000,0x00000000e2480000,0x00000000e2f00000)
  to   space 13824K, 0% used [0x00000000e1700000,0x00000000e1700000,0x00000000e2480000)
 ParOldGen       total 82432K, used 19701K [0x0000000081c00000, 0x0000000086c80000, 0x00000000d5f00000)
  object space 82432K, 23% used [0x0000000081c00000,0x0000000082f3d790,0x0000000086c80000)
 Metaspace       used 45378K, capacity 47540K, committed 47616K, reserved 1091584K
  class space    used 5963K, capacity 6365K, committed 6400K, reserved 1048576K
Event: 8.185 GC heap after
Heap after GC invocations=11 (full 2):
 PSYoungGen      total 202240K, used 13792K [0x00000000d5f00000, 0x00000000e7400000, 0x0000000100000000)
  eden space 188416K, 0% used [0x00000000d5f00000,0x00000000d5f00000,0x00000000e1700000)
  from space 13824K, 99% used [0x00000000e1700000,0x00000000e24783c8,0x00000000e2480000)
  to   space 16384K, 0% used [0x00000000e6400000,0x00000000e6400000,0x00000000e7400000)
 ParOldGen       total 82432K, used 21679K [0x0000000081c00000, 0x0000000086c80000, 0x00000000d5f00000)
  object space 82432K, 26% used [0x0000000081c00000,0x000000008312bd30,0x0000000086c80000)
 Metaspace       used 45378K, capacity 47540K, committed 47616K, reserved 1091584K
  class space    used 5963K, capacity 6365K, committed 6400K, reserved 1048576K
}
Event: 165.461 GC heap before
{Heap before GC invocations=12 (full 2):
 PSYoungGen      total 202240K, used 202208K [0x00000000d5f00000, 0x00000000e7400000, 0x0000000100000000)
  eden space 188416K, 100% used [0x00000000d5f00000,0x00000000e1700000,0x00000000e1700000)
  from space 13824K, 99% used [0x00000000e1700000,0x00000000e24783c8,0x00000000e2480000)
  to   space 16384K, 0% used [0x00000000e6400000,0x00000000e6400000,0x00000000e7400000)
 ParOldGen       total 82432K, used 21679K [0x0000000081c00000, 0x0000000086c80000, 0x00000000d5f00000)
  object space 82432K, 26% used [0x0000000081c00000,0x000000008312bd30,0x0000000086c80000)
 Metaspace       used 53844K, capacity 56056K, committed 56192K, reserved 1097728K
  class space    used 7052K, capacity 7473K, committed 7552K, reserved 1048576K
Event: 165.492 GC heap after
Heap after GC invocations=12 (full 2):
 PSYoungGen      total 259072K, used 16365K [0x00000000d5f00000, 0x00000000e7400000, 0x0000000100000000)
  eden space 242688K, 0% used [0x00000000d5f00000,0x00000000d5f00000,0x00000000e4c00000)
  from space 16384K, 99% used [0x00000000e6400000,0x00000000e73fb408,0x00000000e7400000)
  to   space 19456K, 0% used [0x00000000e4e00000,0x00000000e4e00000,0x00000000e6100000)
 ParOldGen       total 82432K, used 23955K [0x0000000081c00000, 0x0000000086c80000, 0x00000000d5f00000)
  object space 82432K, 29% used [0x0000000081c00000,0x0000000083364df0,0x0000000086c80000)
 Metaspace       used 53844K, capacity 56056K, committed 56192K, reserved 1097728K
  class space    used 7052K, capacity 7473K, committed 7552K, reserved 1048576K
}
Event: 835.004 GC heap before
{Heap before GC invocations=13 (full 2):
 PSYoungGen      total 259072K, used 259053K [0x00000000d5f00000, 0x00000000e7400000, 0x0000000100000000)
  eden space 242688K, 100% used [0x00000000d5f00000,0x00000000e4c00000,0x00000000e4c00000)
  from space 16384K, 99% used [0x00000000e6400000,0x00000000e73fb408,0x00000000e7400000)
  to   space 19456K, 0% used [0x00000000e4e00000,0x00000000e4e00000,0x00000000e6100000)
 ParOldGen       total 82432K, used 23955K [0x0000000081c00000, 0x0000000086c80000, 0x00000000d5f00000)
  object space 82432K, 29% used [0x0000000081c00000,0x0000000083364df0,0x0000000086c80000)
 Metaspace       used 54084K, capacity 56338K, committed 56448K, reserved 1097728K
  class space    used 7074K, capacity 7476K, committed 7552K, reserved 1048576K
Event: 835.021 GC heap after
Heap after GC invocations=13 (full 2):
 PSYoungGen      total 264192K, used 2098K [0x00000000d5f00000, 0x00000000ead00000, 0x0000000100000000)
  eden space 244736K, 0% used [0x00000000d5f00000,0x00000000d5f00000,0x00000000e4e00000)
  from space 19456K, 10% used [0x00000000e4e00000,0x00000000e500c988,0x00000000e6100000)
  to   space 19968K, 0% used [0x00000000e9980000,0x00000000e9980000,0x00000000ead00000)
 ParOldGen       total 82432K, used 35216K [0x0000000081c00000, 0x0000000086c80000, 0x00000000d5f00000)
  object space 82432K, 42% used [0x0000000081c00000,0x0000000083e64038,0x0000000086c80000)
 Metaspace       used 54084K, capacity 56338K, committed 56448K, reserved 1097728K
  class space    used 7074K, capacity 7476K, committed 7552K, reserved 1048576K
}
Event: 1478.372 GC heap before
{Heap before GC invocations=14 (full 2):
 PSYoungGen      total 264192K, used 246834K [0x00000000d5f00000, 0x00000000ead00000, 0x0000000100000000)
  eden space 244736K, 100% used [0x00000000d5f00000,0x00000000e4e00000,0x00000000e4e00000)
  from space 19456K, 10% used [0x00000000e4e00000,0x00000000e500c988,0x00000000e6100000)
  to   space 19968K, 0% used [0x00000000e9980000,0x00000000e9980000,0x00000000ead00000)
 ParOldGen       total 82432K, used 35216K [0x0000000081c00000, 0x0000000086c80000, 0x00000000d5f00000)
  object space 82432K, 42% used [0x0000000081c00000,0x0000000083e64038,0x0000000086c80000)
 Metaspace       used 54253K, capacity 56534K, committed 56704K, reserved 1097728K
  class space    used 7088K, capacity 7517K, committed 7552K, reserved 1048576K
Event: 1478.387 GC heap after
Heap after GC invocations=14 (full 2):
 PSYoungGen      total 237568K, used 2184K [0x00000000d5f00000, 0x00000000e9c00000, 0x0000000100000000)
  eden space 235008K, 0% used [0x00000000d5f00000,0x00000000d5f00000,0x00000000e4480000)
  from space 2560K, 85% used [0x00000000e9980000,0x00000000e9ba21e0,0x00000000e9c00000)
  to   space 19968K, 0% used [0x00000000e7500000,0x00000000e7500000,0x00000000e8880000)
 ParOldGen       total 82432K, used 35216K [0x0000000081c00000, 0x0000000086c80000, 0x00000000d5f00000)
  object space 82432K, 42% used [0x0000000081c00000,0x0000000083e64038,0x0000000086c80000)
 Metaspace       used 54253K, capacity 56534K, committed 56704K, reserved 1097728K
  class space    used 7088K, capacity 7517K, committed 7552K, reserved 1048576K
}

