# JRE version: Java(TM) SE Runtime Environment (8.0_144-b01) (build 1.8.0_144-b01)
# Java VM: Java HotSpot(TM) 64-Bit Server VM (25.144-b01 mixed mode windows-amd64 compressed oops)
Heap:
 PSYoungGen      total 274432K, used 84604K [0x00000000d5f00000, 0x00000000e8400000, 0x0000000100000000)
  eden space 257536K, 26% used [0x00000000d5f00000,0x00000000da121340,0x00000000e5a80000)
  from space 16896K, 99% used [0x00000000e7380000,0x00000000e83fdec8,0x00000000e8400000)
  to   space 19456K, 0% used [0x00000000e5e00000,0x00000000e5e00000,0x00000000e7100000)
 ParOldGen       total 80384K, used 23390K [0x0000000081c00000, 0x0000000086a80000, 0x00000000d5f00000)
  object space 80384K, 29% used [0x0000000081c00000,0x00000000832d7890,0x0000000086a80000)
 Metaspace       used 53525K, capacity 55794K, committed 55848K, reserved 1097728K
  class space    used 6979K, capacity 7410K, committed 7464K, reserved 1048576K
GC Heap History (10 events):
Event: 5.869 GC heap before
{Heap before GC invocations=8 (full 1):
 PSYoungGen      total 124928K, used 124762K [0x00000000d5f00000, 0x00000000dee80000, 0x0000000100000000)
  eden space 119808K, 100% used [0x00000000d5f00000,0x00000000dd400000,0x00000000dd400000)
  from space 5120K, 96% used [0x00000000de980000,0x00000000dee56af0,0x00000000dee80000)
  to   space 8704K, 0% used [0x00000000ddd80000,0x00000000ddd80000,0x00000000de600000)
 ParOldGen       total 49152K, used 6012K [0x0000000081c00000, 0x0000000084c00000, 0x00000000d5f00000)
  object space 49152K, 12% used [0x0000000081c00000,0x00000000821df118,0x0000000084c00000)
 Metaspace       used 28768K, capacity 29768K, committed 29952K, reserved 1075200K
  class space    used 3785K, capacity 4012K, committed 4096K, reserved 1048576K
Event: 5.878 GC heap after
Heap after GC invocations=8 (full 1):
 PSYoungGen      total 138240K, used 8694K [0x00000000d5f00000, 0x00000000e4180000, 0x0000000100000000)
  eden space 129536K, 0% used [0x00000000d5f00000,0x00000000d5f00000,0x00000000ddd80000)
  from space 8704K, 99% used [0x00000000ddd80000,0x00000000de5fd890,0x00000000de600000)
  to   space 10752K, 0% used [0x00000000e3700000,0x00000000e3700000,0x00000000e4180000)
 ParOldGen       total 49152K, used 8260K [0x0000000081c00000, 0x0000000084c00000, 0x00000000d5f00000)
  object space 49152K, 16% used [0x0000000081c00000,0x00000000824110b0,0x0000000084c00000)
 Metaspace       used 28768K, capacity 29768K, committed 29952K, reserved 1075200K
  class space    used 3785K, capacity 4012K, committed 4096K, reserved 1048576K
}
Event: 6.681 GC heap before
{Heap before GC invocations=9 (full 1):
 PSYoungGen      total 138240K, used 97415K [0x00000000d5f00000, 0x00000000e4180000, 0x0000000100000000)
  eden space 129536K, 68% used [0x00000000d5f00000,0x00000000db5a4558,0x00000000ddd80000)
  from space 8704K, 99% used [0x00000000ddd80000,0x00000000de5fd890,0x00000000de600000)
  to   space 10752K, 0% used [0x00000000e3700000,0x00000000e3700000,0x00000000e4180000)
 ParOldGen       total 49152K, used 8260K [0x0000000081c00000, 0x0000000084c00000, 0x00000000d5f00000)
  object space 49152K, 16% used [0x0000000081c00000,0x00000000824110b0,0x0000000084c00000)
 Metaspace       used 33924K, capacity 35460K, committed 35496K, reserved 1079296K
  class space    used 4448K, capacity 4742K, committed 4776K, reserved 1048576K
Event: 6.714 GC heap after
Heap after GC invocations=9 (full 1):
 PSYoungGen      total 218624K, used 10736K [0x00000000d5f00000, 0x00000000e5880000, 0x0000000100000000)
  eden space 207872K, 0% used [0x00000000d5f00000,0x00000000d5f00000,0x00000000e2a00000)
  from space 10752K, 99% used [0x00000000e3700000,0x00000000e417c320,0x00000000e4180000)
  to   space 13312K, 0% used [0x00000000e2a00000,0x00000000e2a00000,0x00000000e3700000)
 ParOldGen       total 49152K, used 10608K [0x0000000081c00000, 0x0000000084c00000, 0x00000000d5f00000)
  object space 49152K, 21% used [0x0000000081c00000,0x000000008265c198,0x0000000084c00000)
 Metaspace       used 33924K, capacity 35460K, committed 35496K, reserved 1079296K
  class space    used 4448K, capacity 4742K, committed 4776K, reserved 1048576K
}
Event: 6.714 GC heap before
{Heap before GC invocations=10 (full 2):
 PSYoungGen      total 218624K, used 10736K [0x00000000d5f00000, 0x00000000e5880000, 0x0000000100000000)
  eden space 207872K, 0% used [0x00000000d5f00000,0x00000000d5f00000,0x00000000e2a00000)
  from space 10752K, 99% used [0x00000000e3700000,0x00000000e417c320,0x00000000e4180000)
  to   space 13312K, 0% used [0x00000000e2a00000,0x00000000e2a00000,0x00000000e3700000)
 ParOldGen       total 49152K, used 10608K [0x0000000081c00000, 0x0000000084c00000, 0x00000000d5f00000)
  object space 49152K, 21% used [0x0000000081c00000,0x000000008265c198,0x0000000084c00000)
 Metaspace       used 33924K, capacity 35460K, committed 35496K, reserved 1079296K
  class space    used 4448K, capacity 4742K, committed 4776K, reserved 1048576K
Event: 6.877 GC heap after
Heap after GC invocations=10 (full 2):
 PSYoungGen      total 218624K, used 0K [0x00000000d5f00000, 0x00000000e5880000, 0x0000000100000000)
  eden space 207872K, 0% used [0x00000000d5f00000,0x00000000d5f00000,0x00000000e2a00000)
  from space 10752K, 0% used [0x00000000e3700000,0x00000000e3700000,0x00000000e4180000)
  to   space 13312K, 0% used [0x00000000e2a00000,0x00000000e2a00000,0x00000000e3700000)
 ParOldGen       total 80384K, used 18139K [0x0000000081c00000, 0x0000000086a80000, 0x00000000d5f00000)
  object space 80384K, 22% used [0x0000000081c00000,0x0000000082db6cf0,0x0000000086a80000)
 Metaspace       used 33924K, capacity 35460K, committed 35496K, reserved 1079296K
  class space    used 4448K, capacity 4742K, committed 4776K, reserved 1048576K
}
Event: 10.728 GC heap before
{Heap before GC invocations=11 (full 2):
 PSYoungGen      total 218624K, used 207872K [0x00000000d5f00000, 0x00000000e5880000, 0x0000000100000000)
  eden space 207872K, 100% used [0x00000000d5f00000,0x00000000e2a00000,0x00000000e2a00000)
  from space 10752K, 0% used [0x00000000e3700000,0x00000000e3700000,0x00000000e4180000)
  to   space 13312K, 0% used [0x00000000e2a00000,0x00000000e2a00000,0x00000000e3700000)
 ParOldGen       total 80384K, used 18139K [0x0000000081c00000, 0x0000000086a80000, 0x00000000d5f00000)
  object space 80384K, 22% used [0x0000000081c00000,0x0000000082db6cf0,0x0000000086a80000)
 Metaspace       used 47053K, capacity 49246K, committed 49320K, reserved 1091584K
  class space    used 6149K, capacity 6540K, committed 6568K, reserved 1048576K
Event: 10.749 GC heap after
Heap after GC invocations=11 (full 2):
 PSYoungGen      total 221184K, used 13284K [0x00000000d5f00000, 0x00000000e8400000, 0x0000000100000000)
  eden space 207872K, 0% used [0x00000000d5f00000,0x00000000d5f00000,0x00000000e2a00000)
  from space 13312K, 99% used [0x00000000e2a00000,0x00000000e36f9188,0x00000000e3700000)
  to   space 16896K, 0% used [0x00000000e7380000,0x00000000e7380000,0x00000000e8400000)
 ParOldGen       total 80384K, used 22748K [0x0000000081c00000, 0x0000000086a80000, 0x00000000d5f00000)
  object space 80384K, 28% used [0x0000000081c00000,0x00000000832372a8,0x0000000086a80000)
 Metaspace       used 47053K, capacity 49246K, committed 49320K, reserved 1091584K
  class space    used 6149K, capacity 6540K, committed 6568K, reserved 1048576K
}
Event: 388.500 GC heap before
{Heap before GC invocations=12 (full 2):
 PSYoungGen      total 221184K, used 221156K [0x00000000d5f00000, 0x00000000e8400000, 0x0000000100000000)
  eden space 207872K, 100% used [0x00000000d5f00000,0x00000000e2a00000,0x00000000e2a00000)
  from space 13312K, 99% used [0x00000000e2a00000,0x00000000e36f9188,0x00000000e3700000)
  to   space 16896K, 0% used [0x00000000e7380000,0x00000000e7380000,0x00000000e8400000)
 ParOldGen       total 80384K, used 22748K [0x0000000081c00000, 0x0000000086a80000, 0x00000000d5f00000)
  object space 80384K, 28% used [0x0000000081c00000,0x00000000832372a8,0x0000000086a80000)
 Metaspace       used 53364K, capacity 55668K, committed 55848K, reserved 1097728K
  class space    used 6957K, capacity 7370K, committed 7464K, reserved 1048576K
Event: 388.604 GC heap after
Heap after GC invocations=12 (full 2):
 PSYoungGen      total 274432K, used 16887K [0x00000000d5f00000, 0x00000000e8400000, 0x0000000100000000)
  eden space 257536K, 0% used [0x00000000d5f00000,0x00000000d5f00000,0x00000000e5a80000)
  from space 16896K, 99% used [0x00000000e7380000,0x00000000e83fdec8,0x00000000e8400000)
  to   space 19456K, 0% used [0x00000000e5e00000,0x00000000e5e00000,0x00000000e7100000)
 ParOldGen       total 80384K, used 23390K [0x0000000081c00000, 0x0000000086a80000, 0x00000000d5f00000)
  object space 80384K, 29% used [0x0000000081c00000,0x00000000832d7890,0x0000000086a80000)
 Metaspace       used 53364K, capacity 55668K, committed 55848K, reserved 1097728K
  class space    used 6957K, capacity 7370K, committed 7464K, reserved 1048576K
}

