# JRE version: Java(TM) SE Runtime Environment (8.0_144-b01) (build 1.8.0_144-b01)
# Java VM: Java HotSpot(TM) 64-Bit Server VM (25.144-b01 mixed mode windows-amd64 compressed oops)
Heap:
 PSYoungGen      total 263680K, used 20192K [0x00000000d5f00000, 0x00000000e7900000, 0x0000000100000000)
  eden space 247296K, 1% used [0x00000000d5f00000,0x00000000d62be0d0,0x00000000e5080000)
  from space 16384K, 99% used [0x00000000e6900000,0x00000000e78fa058,0x00000000e7900000)
  to   space 18944K, 0% used [0x00000000e5400000,0x00000000e5400000,0x00000000e6680000)
 ParOldGen       total 83456K, used 22450K [0x0000000081c00000, 0x0000000086d80000, 0x00000000d5f00000)
  object space 83456K, 26% used [0x0000000081c00000,0x00000000831ec840,0x0000000086d80000)
 Metaspace       used 53965K, capacity 56156K, committed 56448K, reserved 1097728K
  class space    used 7050K, capacity 7482K, committed 7552K, reserved 1048576K
GC Heap History (10 events):
Event: 3.558 GC heap before
{Heap before GC invocations=8 (full 1):
 PSYoungGen      total 121856K, used 121613K [0x00000000d5f00000, 0x00000000dee80000, 0x0000000100000000)
  eden space 116736K, 100% used [0x00000000d5f00000,0x00000000dd100000,0x00000000dd100000)
  from space 5120K, 95% used [0x00000000de980000,0x00000000dee43780,0x00000000dee80000)
  to   space 8704K, 0% used [0x00000000ddd80000,0x00000000ddd80000,0x00000000de600000)
 ParOldGen       total 50688K, used 6316K [0x0000000081c00000, 0x0000000084d80000, 0x00000000d5f00000)
  object space 50688K, 12% used [0x0000000081c00000,0x000000008222b150,0x0000000084d80000)
 Metaspace       used 28511K, capacity 29546K, committed 29696K, reserved 1075200K
  class space    used 3746K, capacity 3979K, committed 4096K, reserved 1048576K
Event: 3.566 GC heap after
Heap after GC invocations=8 (full 1):
 PSYoungGen      total 138240K, used 8677K [0x00000000d5f00000, 0x00000000e3680000, 0x0000000100000000)
  eden space 129536K, 0% used [0x00000000d5f00000,0x00000000d5f00000,0x00000000ddd80000)
  from space 8704K, 99% used [0x00000000ddd80000,0x00000000de5f9770,0x00000000de600000)
  to   space 10752K, 0% used [0x00000000e2c00000,0x00000000e2c00000,0x00000000e3680000)
 ParOldGen       total 50688K, used 8616K [0x0000000081c00000, 0x0000000084d80000, 0x00000000d5f00000)
  object space 50688K, 16% used [0x0000000081c00000,0x000000008246a088,0x0000000084d80000)
 Metaspace       used 28511K, capacity 29546K, committed 29696K, reserved 1075200K
  class space    used 3746K, capacity 3979K, committed 4096K, reserved 1048576K
}
Event: 4.688 GC heap before
{Heap before GC invocations=9 (full 1):
 PSYoungGen      total 138240K, used 107178K [0x00000000d5f00000, 0x00000000e3680000, 0x0000000100000000)
  eden space 129536K, 76% used [0x00000000d5f00000,0x00000000dbf31358,0x00000000ddd80000)
  from space 8704K, 99% used [0x00000000ddd80000,0x00000000de5f9770,0x00000000de600000)
  to   space 10752K, 0% used [0x00000000e2c00000,0x00000000e2c00000,0x00000000e3680000)
 ParOldGen       total 50688K, used 8616K [0x0000000081c00000, 0x0000000084d80000, 0x00000000d5f00000)
  object space 50688K, 16% used [0x0000000081c00000,0x000000008246a088,0x0000000084d80000)
 Metaspace       used 33900K, capacity 35342K, committed 35456K, reserved 1079296K
  class space    used 4404K, capacity 4679K, committed 4736K, reserved 1048576K
Event: 4.700 GC heap after
Heap after GC invocations=9 (full 1):
 PSYoungGen      total 206848K, used 10744K [0x00000000d5f00000, 0x00000000e4d00000, 0x0000000100000000)
  eden space 196096K, 0% used [0x00000000d5f00000,0x00000000d5f00000,0x00000000e1e80000)
  from space 10752K, 99% used [0x00000000e2c00000,0x00000000e367e270,0x00000000e3680000)
  to   space 13824K, 0% used [0x00000000e1e80000,0x00000000e1e80000,0x00000000e2c00000)
 ParOldGen       total 50688K, used 12409K [0x0000000081c00000, 0x0000000084d80000, 0x00000000d5f00000)
  object space 50688K, 24% used [0x0000000081c00000,0x000000008281e400,0x0000000084d80000)
 Metaspace       used 33900K, capacity 35342K, committed 35456K, reserved 1079296K
  class space    used 4404K, capacity 4679K, committed 4736K, reserved 1048576K
}
Event: 4.700 GC heap before
{Heap before GC invocations=10 (full 2):
 PSYoungGen      total 206848K, used 10744K [0x00000000d5f00000, 0x00000000e4d00000, 0x0000000100000000)
  eden space 196096K, 0% used [0x00000000d5f00000,0x00000000d5f00000,0x00000000e1e80000)
  from space 10752K, 99% used [0x00000000e2c00000,0x00000000e367e270,0x00000000e3680000)
  to   space 13824K, 0% used [0x00000000e1e80000,0x00000000e1e80000,0x00000000e2c00000)
 ParOldGen       total 50688K, used 12409K [0x0000000081c00000, 0x0000000084d80000, 0x00000000d5f00000)
  object space 50688K, 24% used [0x0000000081c00000,0x000000008281e400,0x0000000084d80000)
 Metaspace       used 33900K, capacity 35342K, committed 35456K, reserved 1079296K
  class space    used 4404K, capacity 4679K, committed 4736K, reserved 1048576K
Event: 4.767 GC heap after
Heap after GC invocations=10 (full 2):
 PSYoungGen      total 206848K, used 0K [0x00000000d5f00000, 0x00000000e4d00000, 0x0000000100000000)
  eden space 196096K, 0% used [0x00000000d5f00000,0x00000000d5f00000,0x00000000e1e80000)
  from space 10752K, 0% used [0x00000000e2c00000,0x00000000e2c00000,0x00000000e3680000)
  to   space 13824K, 0% used [0x00000000e1e80000,0x00000000e1e80000,0x00000000e2c00000)
 ParOldGen       total 83456K, used 19553K [0x0000000081c00000, 0x0000000086d80000, 0x00000000d5f00000)
  object space 83456K, 23% used [0x0000000081c00000,0x0000000082f18498,0x0000000086d80000)
 Metaspace       used 33900K, capacity 35342K, committed 35456K, reserved 1079296K
  class space    used 4404K, capacity 4679K, committed 4736K, reserved 1048576K
}
Event: 7.555 GC heap before
{Heap before GC invocations=11 (full 2):
 PSYoungGen      total 206848K, used 196096K [0x00000000d5f00000, 0x00000000e4d00000, 0x0000000100000000)
  eden space 196096K, 100% used [0x00000000d5f00000,0x00000000e1e80000,0x00000000e1e80000)
  from space 10752K, 0% used [0x00000000e2c00000,0x00000000e2c00000,0x00000000e3680000)
  to   space 13824K, 0% used [0x00000000e1e80000,0x00000000e1e80000,0x00000000e2c00000)
 ParOldGen       total 83456K, used 19553K [0x0000000081c00000, 0x0000000086d80000, 0x00000000d5f00000)
  object space 83456K, 23% used [0x0000000081c00000,0x0000000082f18498,0x0000000086d80000)
 Metaspace       used 46337K, capacity 48488K, committed 48768K, reserved 1091584K
  class space    used 6055K, capacity 6439K, committed 6528K, reserved 1048576K
Event: 7.575 GC heap after
Heap after GC invocations=11 (full 2):
 PSYoungGen      total 209920K, used 13794K [0x00000000d5f00000, 0x00000000e7900000, 0x0000000100000000)
  eden space 196096K, 0% used [0x00000000d5f00000,0x00000000d5f00000,0x00000000e1e80000)
  from space 13824K, 99% used [0x00000000e1e80000,0x00000000e2bf8808,0x00000000e2c00000)
  to   space 16384K, 0% used [0x00000000e6900000,0x00000000e6900000,0x00000000e7900000)
 ParOldGen       total 83456K, used 21555K [0x0000000081c00000, 0x0000000086d80000, 0x00000000d5f00000)
  object space 83456K, 25% used [0x0000000081c00000,0x000000008310ce18,0x0000000086d80000)
 Metaspace       used 46337K, capacity 48488K, committed 48768K, reserved 1091584K
  class space    used 6055K, capacity 6439K, committed 6528K, reserved 1048576K
}
Event: 146.293 GC heap before
{Heap before GC invocations=12 (full 2):
 PSYoungGen      total 209920K, used 209890K [0x00000000d5f00000, 0x00000000e7900000, 0x0000000100000000)
  eden space 196096K, 100% used [0x00000000d5f00000,0x00000000e1e80000,0x00000000e1e80000)
  from space 13824K, 99% used [0x00000000e1e80000,0x00000000e2bf8808,0x00000000e2c00000)
  to   space 16384K, 0% used [0x00000000e6900000,0x00000000e6900000,0x00000000e7900000)
 ParOldGen       total 83456K, used 21555K [0x0000000081c00000, 0x0000000086d80000, 0x00000000d5f00000)
  object space 83456K, 25% used [0x0000000081c00000,0x000000008310ce18,0x0000000086d80000)
 Metaspace       used 53964K, capacity 56156K, committed 56448K, reserved 1097728K
  class space    used 7050K, capacity 7482K, committed 7552K, reserved 1048576K
Event: 146.310 GC heap after
Heap after GC invocations=12 (full 2):
 PSYoungGen      total 263680K, used 16360K [0x00000000d5f00000, 0x00000000e7900000, 0x0000000100000000)
  eden space 247296K, 0% used [0x00000000d5f00000,0x00000000d5f00000,0x00000000e5080000)
  from space 16384K, 99% used [0x00000000e6900000,0x00000000e78fa058,0x00000000e7900000)
  to   space 18944K, 0% used [0x00000000e5400000,0x00000000e5400000,0x00000000e6680000)
 ParOldGen       total 83456K, used 22450K [0x0000000081c00000, 0x0000000086d80000, 0x00000000d5f00000)
  object space 83456K, 26% used [0x0000000081c00000,0x00000000831ec840,0x0000000086d80000)
 Metaspace       used 53964K, capacity 56156K, committed 56448K, reserved 1097728K
  class space    used 7050K, capacity 7482K, committed 7552K, reserved 1048576K
}

